videocache/build/outputs/logs/manifest-merger-debug-report.txt
-- Merging decision tree log ---
manifest
ADDED from src/main/AndroidManifest.xml:2:1-29:12
	package
		ADDED from src/main/AndroidManifest.xml:3:5-45
		INJECTED from src/main/AndroidManifest.xml
		INJECTED from src/main/AndroidManifest.xml
	android:versionName
		INJECTED from src/main/AndroidManifest.xml
		INJECTED from src/main/AndroidManifest.xml
	xmlns:android
		ADDED from src/main/AndroidManifest.xml:4:5-63
	android:versionCode
		INJECTED from src/main/AndroidManifest.xml
		INJECTED from src/main/AndroidManifest.xml
uses-permission#android.permission.INTERNET
ADDED from src/main/AndroidManifest.xml:6:5-67
	android:name
		ADDED from src/main/AndroidManifest.xml:6:22-64
uses-permission#android.permission.WRITE_EXTERNAL_STORAGE
ADDED from src/main/AndroidManifest.xml:7:5-81
	android:name
		ADDED from src/main/AndroidManifest.xml:7:22-78
application
ADDED from src/main/AndroidManifest.xml:9:5-27:19
MERGED from [com.android.support:support-v4:23.1.0] AndroidManifest.xml:22:5-20
MERGED from [com.danikula:videocache:2.6.4] AndroidManifest.xml:12:5-20
	android:label
		ADDED from src/main/AndroidManifest.xml:13:9-41
	android:allowBackup
		ADDED from src/main/AndroidManifest.xml:11:9-35
	android:icon
		ADDED from src/main/AndroidManifest.xml:12:9-43
	android:theme
		ADDED from src/main/AndroidManifest.xml:14:9-68
	android:name
		ADDED from src/main/AndroidManifest.xml:10:9-28
activity#com.danikula.videocache.sample.MenuActivity_
ADDED from src/main/AndroidManifest.xml:15:9-22:20
	android:label
		ADDED from src/main/AndroidManifest.xml:17:13-45
	android:name
		ADDED from src/main/AndroidManifest.xml:16:13-42
intent-filter#android.intent.action.MAIN+android.intent.category.LAUNCHER
ADDED from src/main/AndroidManifest.xml:18:13-21:29
action#android.intent.action.MAIN
ADDED from src/main/AndroidManifest.xml:19:17-69
	android:name
		ADDED from src/main/AndroidManifest.xml:19:25-66
category#android.intent.category.LAUNCHER
ADDED from src/main/AndroidManifest.xml:20:17-77
	android:name
		ADDED from src/main/AndroidManifest.xml:20:27-74
activity#com.danikula.videocache.sample.SingleVideoActivity_
ADDED from src/main/AndroidManifest.xml:23:9-58
	android:name
		ADDED from src/main/AndroidManifest.xml:23:19-55
activity#com.danikula.videocache.sample.MultipleVideosActivity_
ADDED from src/main/AndroidManifest.xml:24:9-61
	android:name
		ADDED from src/main/AndroidManifest.xml:24:19-58
activity#com.danikula.videocache.sample.VideoGalleryActivity_
ADDED from src/main/AndroidManifest.xml:25:9-59
	android:name
		ADDED from src/main/AndroidManifest.xml:25:19-56
activity#com.danikula.videocache.sample.SharedCacheActivity_
ADDED from src/main/AndroidManifest.xml:26:9-58
	android:name
		ADDED from src/main/AndroidManifest.xml:26:19-55
uses-sdk
INJECTED from src/main/AndroidManifest.xml reason: use-sdk injection requested
MERGED from [com.android.support:support-v4:23.1.0] AndroidManifest.xml:20:5-43
MERGED from [com.danikula:videocache:2.6.4] AndroidManifest.xml:8:5-10:41
MERGED from [com.viewpagerindicator:library:2.4.2-SNAPSHOT] AndroidManifest.xml:8:5-43
	android:targetSdkVersion
		INJECTED from src/main/AndroidManifest.xml
		INJECTED from src/main/AndroidManifest.xml
	android:minSdkVersion
		INJECTED from src/main/AndroidManifest.xml
		INJECTED from src/main/AndroidManifest.xml